2018-10-24 at 16:13:59 CST WARN  org.springframework.boot.test.json.DuplicateJsonObjectContextCustomizerFactory$DuplicateJsonObjectContextCustomizer 86 logDuplicateJsonObjectsWarning - 

Found multiple occurrences of org.json.JSONObject on the class path:

	jar:file:/D:/devlopment/maven/m2/repository/org/json/json/20171018/json-20171018.jar!/org/json/JSONObject.class
	jar:file:/D:/devlopment/maven/m2/repository/com/vaadin/external/google/android-json/0.0.20131108.vaadin1/android-json-0.0.20131108.vaadin1.jar!/org/json/JSONObject.class

You may wish to exclude one of them to ensure predictable runtime behavior

2018-10-24 at 16:14:06 CST WARN  com.netflix.config.sources.URLConfigurationSource 121 <init> - No URLs will be polled as dynamic configuration sources.
2018-10-24 at 16:14:08 CST WARN  com.netflix.config.sources.URLConfigurationSource 121 <init> - No URLs will be polled as dynamic configuration sources.
2018-10-24 at 16:14:09 CST WARN  org.springframework.boot.starter.redis.RedisStarterDeprecationWarningAutoConfiguration 43 logWarning - spring-boot-starter-redis is deprecated as of Spring Boot 1.4, please migrate to spring-boot-starter-data-redis
2018-10-24 at 18:51:17 CST WARN  org.springframework.boot.test.json.DuplicateJsonObjectContextCustomizerFactory$DuplicateJsonObjectContextCustomizer 86 logDuplicateJsonObjectsWarning - 

Found multiple occurrences of org.json.JSONObject on the class path:

	jar:file:/D:/devlopment/maven/m2/repository/org/json/json/20171018/json-20171018.jar!/org/json/JSONObject.class
	jar:file:/D:/devlopment/maven/m2/repository/com/vaadin/external/google/android-json/0.0.20131108.vaadin1/android-json-0.0.20131108.vaadin1.jar!/org/json/JSONObject.class

You may wish to exclude one of them to ensure predictable runtime behavior

2018-10-24 at 18:51:23 CST WARN  com.netflix.config.sources.URLConfigurationSource 121 <init> - No URLs will be polled as dynamic configuration sources.
2018-10-24 at 18:51:24 CST WARN  com.netflix.config.sources.URLConfigurationSource 121 <init> - No URLs will be polled as dynamic configuration sources.
2018-10-24 at 18:51:26 CST WARN  org.springframework.boot.starter.redis.RedisStarterDeprecationWarningAutoConfiguration 43 logWarning - spring-boot-starter-redis is deprecated as of Spring Boot 1.4, please migrate to spring-boot-starter-data-redis
2018-10-24 at 18:51:58 CST WARN  org.springframework.boot.test.json.DuplicateJsonObjectContextCustomizerFactory$DuplicateJsonObjectContextCustomizer 86 logDuplicateJsonObjectsWarning - 

Found multiple occurrences of org.json.JSONObject on the class path:

	jar:file:/D:/devlopment/maven/m2/repository/org/json/json/20171018/json-20171018.jar!/org/json/JSONObject.class
	jar:file:/D:/devlopment/maven/m2/repository/com/vaadin/external/google/android-json/0.0.20131108.vaadin1/android-json-0.0.20131108.vaadin1.jar!/org/json/JSONObject.class

You may wish to exclude one of them to ensure predictable runtime behavior

2018-10-24 at 18:52:03 CST WARN  com.netflix.config.sources.URLConfigurationSource 121 <init> - No URLs will be polled as dynamic configuration sources.
2018-10-24 at 18:52:05 CST WARN  com.netflix.config.sources.URLConfigurationSource 121 <init> - No URLs will be polled as dynamic configuration sources.
2018-10-24 at 18:52:06 CST WARN  org.springframework.boot.starter.redis.RedisStarterDeprecationWarningAutoConfiguration 43 logWarning - spring-boot-starter-redis is deprecated as of Spring Boot 1.4, please migrate to spring-boot-starter-data-redis
2018-10-24 at 18:57:01 CST WARN  org.springframework.boot.test.json.DuplicateJsonObjectContextCustomizerFactory$DuplicateJsonObjectContextCustomizer 86 logDuplicateJsonObjectsWarning - 

Found multiple occurrences of org.json.JSONObject on the class path:

	jar:file:/D:/devlopment/maven/m2/repository/org/json/json/20171018/json-20171018.jar!/org/json/JSONObject.class
	jar:file:/D:/devlopment/maven/m2/repository/com/vaadin/external/google/android-json/0.0.20131108.vaadin1/android-json-0.0.20131108.vaadin1.jar!/org/json/JSONObject.class

You may wish to exclude one of them to ensure predictable runtime behavior

2018-10-24 at 18:57:02 CST ERROR org.springframework.boot.SpringApplication 863 reportFailure - Application run failed java.lang.IllegalStateException: Error processing condition on org.springframework.boot.autoconfigure.context.PropertyPlaceholderAutoConfiguration.propertySourcesPlaceholderConfigurer
	at org.springframework.boot.autoconfigure.condition.SpringBootCondition.matches(SpringBootCondition.java:64) ~[spring-boot-autoconfigure-2.0.5.RELEASE.jar:2.0.5.RELEASE]
	at org.springframework.context.annotation.ConditionEvaluator.shouldSkip(ConditionEvaluator.java:108) ~[spring-context-5.0.9.RELEASE.jar:5.0.9.RELEASE]
	at org.springframework.context.annotation.ConfigurationClassBeanDefinitionReader.loadBeanDefinitionsForBeanMethod(ConfigurationClassBeanDefinitionReader.java:180) ~[spring-context-5.0.9.RELEASE.jar:5.0.9.RELEASE]
	at org.springframework.context.annotation.ConfigurationClassBeanDefinitionReader.loadBeanDefinitionsForConfigurationClass(ConfigurationClassBeanDefinitionReader.java:141) ~[spring-context-5.0.9.RELEASE.jar:5.0.9.RELEASE]
	at org.springframework.context.annotation.ConfigurationClassBeanDefinitionReader.loadBeanDefinitions(ConfigurationClassBeanDefinitionReader.java:117) ~[spring-context-5.0.9.RELEASE.jar:5.0.9.RELEASE]
	at org.springframework.context.annotation.ConfigurationClassPostProcessor.processConfigBeanDefinitions(ConfigurationClassPostProcessor.java:328) ~[spring-context-5.0.9.RELEASE.jar:5.0.9.RELEASE]
	at org.springframework.context.annotation.ConfigurationClassPostProcessor.postProcessBeanDefinitionRegistry(ConfigurationClassPostProcessor.java:233) ~[spring-context-5.0.9.RELEASE.jar:5.0.9.RELEASE]
	at org.springframework.context.support.PostProcessorRegistrationDelegate.invokeBeanDefinitionRegistryPostProcessors(PostProcessorRegistrationDelegate.java:271) ~[spring-context-5.0.9.RELEASE.jar:5.0.9.RELEASE]
	at org.springframework.context.support.PostProcessorRegistrationDelegate.invokeBeanFactoryPostProcessors(PostProcessorRegistrationDelegate.java:91) ~[spring-context-5.0.9.RELEASE.jar:5.0.9.RELEASE]
	at org.springframework.context.support.AbstractApplicationContext.invokeBeanFactoryPostProcessors(AbstractApplicationContext.java:694) ~[spring-context-5.0.9.RELEASE.jar:5.0.9.RELEASE]
	at org.springframework.context.support.AbstractApplicationContext.refresh(AbstractApplicationContext.java:532) ~[spring-context-5.0.9.RELEASE.jar:5.0.9.RELEASE]
	at org.springframework.boot.SpringApplication.refresh(SpringApplication.java:780) [spring-boot-2.0.5.RELEASE.jar:2.0.5.RELEASE]
	at org.springframework.boot.SpringApplication.refreshContext(SpringApplication.java:412) [spring-boot-2.0.5.RELEASE.jar:2.0.5.RELEASE]
	at org.springframework.boot.SpringApplication.run(SpringApplication.java:333) [spring-boot-2.0.5.RELEASE.jar:2.0.5.RELEASE]
	at org.springframework.boot.test.context.SpringBootContextLoader.loadContext(SpringBootContextLoader.java:139) [spring-boot-test-2.0.5.RELEASE.jar:2.0.5.RELEASE]
	at org.springframework.test.context.cache.DefaultCacheAwareContextLoaderDelegate.loadContextInternal(DefaultCacheAwareContextLoaderDelegate.java:99) [spring-test-5.0.9.RELEASE.jar:5.0.9.RELEASE]
	at org.springframework.test.context.cache.DefaultCacheAwareContextLoaderDelegate.loadContext(DefaultCacheAwareContextLoaderDelegate.java:117) [spring-test-5.0.9.RELEASE.jar:5.0.9.RELEASE]
	at org.springframework.test.context.support.DefaultTestContext.getApplicationContext(DefaultTestContext.java:108) [spring-test-5.0.9.RELEASE.jar:5.0.9.RELEASE]
	at org.springframework.test.context.web.ServletTestExecutionListener.setUpRequestContextIfNecessary(ServletTestExecutionListener.java:190) [spring-test-5.0.9.RELEASE.jar:5.0.9.RELEASE]
	at org.springframework.test.context.web.ServletTestExecutionListener.prepareTestInstance(ServletTestExecutionListener.java:132) [spring-test-5.0.9.RELEASE.jar:5.0.9.RELEASE]
	at org.springframework.test.context.TestContextManager.prepareTestInstance(TestContextManager.java:246) [spring-test-5.0.9.RELEASE.jar:5.0.9.RELEASE]
	at org.springframework.test.context.junit4.SpringJUnit4ClassRunner.createTest(SpringJUnit4ClassRunner.java:227) [spring-test-5.0.9.RELEASE.jar:5.0.9.RELEASE]
	at org.springframework.test.context.junit4.SpringJUnit4ClassRunner$1.runReflectiveCall(SpringJUnit4ClassRunner.java:289) [spring-test-5.0.9.RELEASE.jar:5.0.9.RELEASE]
	at org.junit.internal.runners.model.ReflectiveCallable.run(ReflectiveCallable.java:12) [junit-4.12.jar:4.12]
	at org.springframework.test.context.junit4.SpringJUnit4ClassRunner.methodBlock(SpringJUnit4ClassRunner.java:291) [spring-test-5.0.9.RELEASE.jar:5.0.9.RELEASE]
	at org.springframework.test.context.junit4.SpringJUnit4ClassRunner.runChild(SpringJUnit4ClassRunner.java:246) [spring-test-5.0.9.RELEASE.jar:5.0.9.RELEASE]
	at org.springframework.test.context.junit4.SpringJUnit4ClassRunner.runChild(SpringJUnit4ClassRunner.java:97) [spring-test-5.0.9.RELEASE.jar:5.0.9.RELEASE]
	at org.junit.runners.ParentRunner$3.run(ParentRunner.java:290) [junit-4.12.jar:4.12]
	at org.junit.runners.ParentRunner$1.schedule(ParentRunner.java:71) [junit-4.12.jar:4.12]
	at org.junit.runners.ParentRunner.runChildren(ParentRunner.java:288) [junit-4.12.jar:4.12]
	at org.junit.runners.ParentRunner.access$000(ParentRunner.java:58) [junit-4.12.jar:4.12]
	at org.junit.runners.ParentRunner$2.evaluate(ParentRunner.java:268) [junit-4.12.jar:4.12]
	at org.springframework.test.context.junit4.statements.RunBeforeTestClassCallbacks.evaluate(RunBeforeTestClassCallbacks.java:61) [spring-test-5.0.9.RELEASE.jar:5.0.9.RELEASE]
	at org.springframework.test.context.junit4.statements.RunAfterTestClassCallbacks.evaluate(RunAfterTestClassCallbacks.java:70) [spring-test-5.0.9.RELEASE.jar:5.0.9.RELEASE]
	at org.junit.runners.ParentRunner.run(ParentRunner.java:363) [junit-4.12.jar:4.12]
	at org.springframework.test.context.junit4.SpringJUnit4ClassRunner.run(SpringJUnit4ClassRunner.java:190) [spring-test-5.0.9.RELEASE.jar:5.0.9.RELEASE]
	at org.junit.runner.JUnitCore.run(JUnitCore.java:137) [junit-4.12.jar:4.12]
	at com.intellij.junit4.JUnit4IdeaTestRunner.startRunnerWithArgs(JUnit4IdeaTestRunner.java:68) [junit-rt.jar:?]
	at com.intellij.rt.execution.junit.IdeaTestRunner$Repeater.startRunnerWithArgs(IdeaTestRunner.java:47) [junit-rt.jar:?]
	at com.intellij.rt.execution.junit.JUnitStarter.prepareStreamsAndStart(JUnitStarter.java:242) [junit-rt.jar:?]
	at com.intellij.rt.execution.junit.JUnitStarter.main(JUnitStarter.java:70) [junit-rt.jar:?]
Caused by: java.lang.IllegalStateException: Failed to introspect Class [org.springframework.cloud.netflix.hystrix.HystrixCircuitBreakerConfiguration] from ClassLoader [sun.misc.Launcher$AppClassLoader@18b4aac2]
	at org.springframework.util.ReflectionUtils.getDeclaredMethods(ReflectionUtils.java:659) ~[spring-core-5.0.9.RELEASE.jar:5.0.9.RELEASE]
	at org.springframework.util.ReflectionUtils.doWithMethods(ReflectionUtils.java:556) ~[spring-core-5.0.9.RELEASE.jar:5.0.9.RELEASE]
	at org.springframework.util.ReflectionUtils.doWithMethods(ReflectionUtils.java:541) ~[spring-core-5.0.9.RELEASE.jar:5.0.9.RELEASE]
	at org.springframework.util.ReflectionUtils.getUniqueDeclaredMethods(ReflectionUtils.java:599) ~[spring-core-5.0.9.RELEASE.jar:5.0.9.RELEASE]
	at org.springframework.beans.factory.support.AbstractAutowireCapableBeanFactory.getTypeForFactoryMethod(AbstractAutowireCapableBeanFactory.java:718) ~[spring-beans-5.0.9.RELEASE.jar:5.0.9.RELEASE]
	at org.springframework.beans.factory.support.AbstractAutowireCapableBeanFactory.determineTargetType(AbstractAutowireCapableBeanFactory.java:659) ~[spring-beans-5.0.9.RELEASE.jar:5.0.9.RELEASE]
	at org.springframework.beans.factory.support.AbstractAutowireCapableBeanFactory.predictBeanType(AbstractAutowireCapableBeanFactory.java:627) ~[spring-beans-5.0.9.RELEASE.jar:5.0.9.RELEASE]
	at org.springframework.beans.factory.support.AbstractBeanFactory.isFactoryBean(AbstractBeanFactory.java:1489) ~[spring-beans-5.0.9.RELEASE.jar:5.0.9.RELEASE]
	at org.springframework.beans.factory.support.AbstractBeanFactory.isFactoryBean(AbstractBeanFactory.java:1012) ~[spring-beans-5.0.9.RELEASE.jar:5.0.9.RELEASE]
	at org.springframework.boot.autoconfigure.condition.BeanTypeRegistry.addBeanTypeForNonAliasDefinition(BeanTypeRegistry.java:194) ~[spring-boot-autoconfigure-2.0.5.RELEASE.jar:2.0.5.RELEASE]
	at org.springframework.boot.autoconfigure.condition.BeanTypeRegistry.addBeanTypeForNonAliasDefinition(BeanTypeRegistry.java:170) ~[spring-boot-autoconfigure-2.0.5.RELEASE.jar:2.0.5.RELEASE]
	at org.springframework.boot.autoconfigure.condition.BeanTypeRegistry.addBeanType(BeanTypeRegistry.java:163) ~[spring-boot-autoconfigure-2.0.5.RELEASE.jar:2.0.5.RELEASE]
	at org.springframework.boot.autoconfigure.condition.BeanTypeRegistry.lambda$updateTypesIfNecessary$2(BeanTypeRegistry.java:150) ~[spring-boot-autoconfigure-2.0.5.RELEASE.jar:2.0.5.RELEASE]
	at java.util.Iterator.forEachRemaining(Iterator.java:116) ~[?:1.8.0_161]
	at org.springframework.boot.autoconfigure.condition.BeanTypeRegistry.updateTypesIfNecessary(BeanTypeRegistry.java:148) ~[spring-boot-autoconfigure-2.0.5.RELEASE.jar:2.0.5.RELEASE]
	at org.springframework.boot.autoconfigure.condition.BeanTypeRegistry.getNamesForType(BeanTypeRegistry.java:114) ~[spring-boot-autoconfigure-2.0.5.RELEASE.jar:2.0.5.RELEASE]
	at org.springframework.boot.autoconfigure.condition.OnBeanCondition.collectBeanNamesForType(OnBeanCondition.java:265) ~[spring-boot-autoconfigure-2.0.5.RELEASE.jar:2.0.5.RELEASE]
	at org.springframework.boot.autoconfigure.condition.OnBeanCondition.getBeanNamesForType(OnBeanCondition.java:254) ~[spring-boot-autoconfigure-2.0.5.RELEASE.jar:2.0.5.RELEASE]
	at org.springframework.boot.autoconfigure.condition.OnBeanCondition.getMatchingBeans(OnBeanCondition.java:196) ~[spring-boot-autoconfigure-2.0.5.RELEASE.jar:2.0.5.RELEASE]
	at org.springframework.boot.autoconfigure.condition.OnBeanCondition.getMatchOutcome(OnBeanCondition.java:116) ~[spring-boot-autoconfigure-2.0.5.RELEASE.jar:2.0.5.RELEASE]
	at org.springframework.boot.autoconfigure.condition.SpringBootCondition.matches(SpringBootCondition.java:47) ~[spring-boot-autoconfigure-2.0.5.RELEASE.jar:2.0.5.RELEASE]
	... 40 more
Caused by: java.lang.NoClassDefFoundError: com/netflix/hystrix/contrib/javanica/aop/aspectj/HystrixCommandAspect
	at java.lang.Class.getDeclaredMethods0(Native Method) ~[?:1.8.0_161]
	at java.lang.Class.privateGetDeclaredMethods(Class.java:2701) ~[?:1.8.0_161]
	at java.lang.Class.getDeclaredMethods(Class.java:1975) ~[?:1.8.0_161]
	at org.springframework.util.ReflectionUtils.getDeclaredMethods(ReflectionUtils.java:641) ~[spring-core-5.0.9.RELEASE.jar:5.0.9.RELEASE]
	at org.springframework.util.ReflectionUtils.doWithMethods(ReflectionUtils.java:556) ~[spring-core-5.0.9.RELEASE.jar:5.0.9.RELEASE]
	at org.springframework.util.ReflectionUtils.doWithMethods(ReflectionUtils.java:541) ~[spring-core-5.0.9.RELEASE.jar:5.0.9.RELEASE]
	at org.springframework.util.ReflectionUtils.getUniqueDeclaredMethods(ReflectionUtils.java:599) ~[spring-core-5.0.9.RELEASE.jar:5.0.9.RELEASE]
	at org.springframework.beans.factory.support.AbstractAutowireCapableBeanFactory.getTypeForFactoryMethod(AbstractAutowireCapableBeanFactory.java:718) ~[spring-beans-5.0.9.RELEASE.jar:5.0.9.RELEASE]
	at org.springframework.beans.factory.support.AbstractAutowireCapableBeanFactory.determineTargetType(AbstractAutowireCapableBeanFactory.java:659) ~[spring-beans-5.0.9.RELEASE.jar:5.0.9.RELEASE]
	at org.springframework.beans.factory.support.AbstractAutowireCapableBeanFactory.predictBeanType(AbstractAutowireCapableBeanFactory.java:627) ~[spring-beans-5.0.9.RELEASE.jar:5.0.9.RELEASE]
	at org.springframework.beans.factory.support.AbstractBeanFactory.isFactoryBean(AbstractBeanFactory.java:1489) ~[spring-beans-5.0.9.RELEASE.jar:5.0.9.RELEASE]
	at org.springframework.beans.factory.support.AbstractBeanFactory.isFactoryBean(AbstractBeanFactory.java:1012) ~[spring-beans-5.0.9.RELEASE.jar:5.0.9.RELEASE]
	at org.springframework.boot.autoconfigure.condition.BeanTypeRegistry.addBeanTypeForNonAliasDefinition(BeanTypeRegistry.java:194) ~[spring-boot-autoconfigure-2.0.5.RELEASE.jar:2.0.5.RELEASE]
	at org.springframework.boot.autoconfigure.condition.BeanTypeRegistry.addBeanTypeForNonAliasDefinition(BeanTypeRegistry.java:170) ~[spring-boot-autoconfigure-2.0.5.RELEASE.jar:2.0.5.RELEASE]
	at org.springframework.boot.autoconfigure.condition.BeanTypeRegistry.addBeanType(BeanTypeRegistry.java:163) ~[spring-boot-autoconfigure-2.0.5.RELEASE.jar:2.0.5.RELEASE]
	at org.springframework.boot.autoconfigure.condition.BeanTypeRegistry.lambda$updateTypesIfNecessary$2(BeanTypeRegistry.java:150) ~[spring-boot-autoconfigure-2.0.5.RELEASE.jar:2.0.5.RELEASE]
	at java.util.Iterator.forEachRemaining(Iterator.java:116) ~[?:1.8.0_161]
	at org.springframework.boot.autoconfigure.condition.BeanTypeRegistry.updateTypesIfNecessary(BeanTypeRegistry.java:148) ~[spring-boot-autoconfigure-2.0.5.RELEASE.jar:2.0.5.RELEASE]
	at org.springframework.boot.autoconfigure.condition.BeanTypeRegistry.getNamesForType(BeanTypeRegistry.java:114) ~[spring-boot-autoconfigure-2.0.5.RELEASE.jar:2.0.5.RELEASE]
	at org.springframework.boot.autoconfigure.condition.OnBeanCondition.collectBeanNamesForType(OnBeanCondition.java:265) ~[spring-boot-autoconfigure-2.0.5.RELEASE.jar:2.0.5.RELEASE]
	at org.springframework.boot.autoconfigure.condition.OnBeanCondition.getBeanNamesForType(OnBeanCondition.java:254) ~[spring-boot-autoconfigure-2.0.5.RELEASE.jar:2.0.5.RELEASE]
	at org.springframework.boot.autoconfigure.condition.OnBeanCondition.getMatchingBeans(OnBeanCondition.java:196) ~[spring-boot-autoconfigure-2.0.5.RELEASE.jar:2.0.5.RELEASE]
	at org.springframework.boot.autoconfigure.condition.OnBeanCondition.getMatchOutcome(OnBeanCondition.java:116) ~[spring-boot-autoconfigure-2.0.5.RELEASE.jar:2.0.5.RELEASE]
	at org.springframework.boot.autoconfigure.condition.SpringBootCondition.matches(SpringBootCondition.java:47) ~[spring-boot-autoconfigure-2.0.5.RELEASE.jar:2.0.5.RELEASE]
	... 40 more
Caused by: java.lang.ClassNotFoundException: com.netflix.hystrix.contrib.javanica.aop.aspectj.HystrixCommandAspect
	at java.net.URLClassLoader.findClass(URLClassLoader.java:381) ~[?:1.8.0_161]
	at java.lang.ClassLoader.loadClass(ClassLoader.java:424) ~[?:1.8.0_161]
	at sun.misc.Launcher$AppClassLoader.loadClass(Launcher.java:338) ~[?:1.8.0_161]
	at java.lang.ClassLoader.loadClass(ClassLoader.java:357) ~[?:1.8.0_161]
	at java.lang.Class.getDeclaredMethods0(Native Method) ~[?:1.8.0_161]
	at java.lang.Class.privateGetDeclaredMethods(Class.java:2701) ~[?:1.8.0_161]
	at java.lang.Class.getDeclaredMethods(Class.java:1975) ~[?:1.8.0_161]
	at org.springframework.util.ReflectionUtils.getDeclaredMethods(ReflectionUtils.java:641) ~[spring-core-5.0.9.RELEASE.jar:5.0.9.RELEASE]
	at org.springframework.util.ReflectionUtils.doWithMethods(ReflectionUtils.java:556) ~[spring-core-5.0.9.RELEASE.jar:5.0.9.RELEASE]
	at org.springframework.util.ReflectionUtils.doWithMethods(ReflectionUtils.java:541) ~[spring-core-5.0.9.RELEASE.jar:5.0.9.RELEASE]
	at org.springframework.util.ReflectionUtils.getUniqueDeclaredMethods(ReflectionUtils.java:599) ~[spring-core-5.0.9.RELEASE.jar:5.0.9.RELEASE]
	at org.springframework.beans.factory.support.AbstractAutowireCapableBeanFactory.getTypeForFactoryMethod(AbstractAutowireCapableBeanFactory.java:718) ~[spring-beans-5.0.9.RELEASE.jar:5.0.9.RELEASE]
	at org.springframework.beans.factory.support.AbstractAutowireCapableBeanFactory.determineTargetType(AbstractAutowireCapableBeanFactory.java:659) ~[spring-beans-5.0.9.RELEASE.jar:5.0.9.RELEASE]
	at org.springframework.beans.factory.support.AbstractAutowireCapableBeanFactory.predictBeanType(AbstractAutowireCapableBeanFactory.java:627) ~[spring-beans-5.0.9.RELEASE.jar:5.0.9.RELEASE]
	at org.springframework.beans.factory.support.AbstractBeanFactory.isFactoryBean(AbstractBeanFactory.java:1489) ~[spring-beans-5.0.9.RELEASE.jar:5.0.9.RELEASE]
	at org.springframework.beans.factory.support.AbstractBeanFactory.isFactoryBean(AbstractBeanFactory.java:1012) ~[spring-beans-5.0.9.RELEASE.jar:5.0.9.RELEASE]
	at org.springframework.boot.autoconfigure.condition.BeanTypeRegistry.addBeanTypeForNonAliasDefinition(BeanTypeRegistry.java:194) ~[spring-boot-autoconfigure-2.0.5.RELEASE.jar:2.0.5.RELEASE]
	at org.springframework.boot.autoconfigure.condition.BeanTypeRegistry.addBeanTypeForNonAliasDefinition(BeanTypeRegistry.java:170) ~[spring-boot-autoconfigure-2.0.5.RELEASE.jar:2.0.5.RELEASE]
	at org.springframework.boot.autoconfigure.condition.BeanTypeRegistry.addBeanType(BeanTypeRegistry.java:163) ~[spring-boot-autoconfigure-2.0.5.RELEASE.jar:2.0.5.RELEASE]
	at org.springframework.boot.autoconfigure.condition.BeanTypeRegistry.lambda$updateTypesIfNecessary$2(BeanTypeRegistry.java:150) ~[spring-boot-autoconfigure-2.0.5.RELEASE.jar:2.0.5.RELEASE]
	at java.util.Iterator.forEachRemaining(Iterator.java:116) ~[?:1.8.0_161]
	at org.springframework.boot.autoconfigure.condition.BeanTypeRegistry.updateTypesIfNecessary(BeanTypeRegistry.java:148) ~[spring-boot-autoconfigure-2.0.5.RELEASE.jar:2.0.5.RELEASE]
	at org.springframework.boot.autoconfigure.condition.BeanTypeRegistry.getNamesForType(BeanTypeRegistry.java:114) ~[spring-boot-autoconfigure-2.0.5.RELEASE.jar:2.0.5.RELEASE]
	at org.springframework.boot.autoconfigure.condition.OnBeanCondition.collectBeanNamesForType(OnBeanCondition.java:265) ~[spring-boot-autoconfigure-2.0.5.RELEASE.jar:2.0.5.RELEASE]
	at org.springframework.boot.autoconfigure.condition.OnBeanCondition.getBeanNamesForType(OnBeanCondition.java:254) ~[spring-boot-autoconfigure-2.0.5.RELEASE.jar:2.0.5.RELEASE]
	at org.springframework.boot.autoconfigure.condition.OnBeanCondition.getMatchingBeans(OnBeanCondition.java:196) ~[spring-boot-autoconfigure-2.0.5.RELEASE.jar:2.0.5.RELEASE]
	at org.springframework.boot.autoconfigure.condition.OnBeanCondition.getMatchOutcome(OnBeanCondition.java:116) ~[spring-boot-autoconfigure-2.0.5.RELEASE.jar:2.0.5.RELEASE]
	at org.springframework.boot.autoconfigure.condition.SpringBootCondition.matches(SpringBootCondition.java:47) ~[spring-boot-autoconfigure-2.0.5.RELEASE.jar:2.0.5.RELEASE]
	... 40 more

2018-10-24 at 18:57:02 CST WARN  org.springframework.boot.SpringApplication 844 handleRunFailure - Unable to close ApplicationContext java.lang.IllegalStateException: Failed to introspect Class [org.springframework.cloud.netflix.hystrix.HystrixCircuitBreakerConfiguration] from ClassLoader [sun.misc.Launcher$AppClassLoader@18b4aac2]
	at org.springframework.util.ReflectionUtils.getDeclaredMethods(ReflectionUtils.java:659) ~[spring-core-5.0.9.RELEASE.jar:5.0.9.RELEASE]
	at org.springframework.util.ReflectionUtils.doWithMethods(ReflectionUtils.java:556) ~[spring-core-5.0.9.RELEASE.jar:5.0.9.RELEASE]
	at org.springframework.util.ReflectionUtils.doWithMethods(ReflectionUtils.java:541) ~[spring-core-5.0.9.RELEASE.jar:5.0.9.RELEASE]
	at org.springframework.util.ReflectionUtils.getUniqueDeclaredMethods(ReflectionUtils.java:599) ~[spring-core-5.0.9.RELEASE.jar:5.0.9.RELEASE]
	at org.springframework.beans.factory.support.AbstractAutowireCapableBeanFactory.getTypeForFactoryMethod(AbstractAutowireCapableBeanFactory.java:718) ~[spring-beans-5.0.9.RELEASE.jar:5.0.9.RELEASE]
	at org.springframework.beans.factory.support.AbstractAutowireCapableBeanFactory.determineTargetType(AbstractAutowireCapableBeanFactory.java:659) ~[spring-beans-5.0.9.RELEASE.jar:5.0.9.RELEASE]
	at org.springframework.beans.factory.support.AbstractAutowireCapableBeanFactory.predictBeanType(AbstractAutowireCapableBeanFactory.java:627) ~[spring-beans-5.0.9.RELEASE.jar:5.0.9.RELEASE]
	at org.springframework.beans.factory.support.AbstractBeanFactory.isFactoryBean(AbstractBeanFactory.java:1489) ~[spring-beans-5.0.9.RELEASE.jar:5.0.9.RELEASE]
	at org.springframework.beans.factory.support.DefaultListableBeanFactory.doGetBeanNamesForType(DefaultListableBeanFactory.java:419) ~[spring-beans-5.0.9.RELEASE.jar:5.0.9.RELEASE]
	at org.springframework.beans.factory.support.DefaultListableBeanFactory.getBeanNamesForType(DefaultListableBeanFactory.java:389) ~[spring-beans-5.0.9.RELEASE.jar:5.0.9.RELEASE]
	at org.springframework.beans.factory.support.DefaultListableBeanFactory.getBeansOfType(DefaultListableBeanFactory.java:510) ~[spring-beans-5.0.9.RELEASE.jar:5.0.9.RELEASE]
	at org.springframework.beans.factory.support.DefaultListableBeanFactory.getBeansOfType(DefaultListableBeanFactory.java:502) ~[spring-beans-5.0.9.RELEASE.jar:5.0.9.RELEASE]
	at org.springframework.context.support.AbstractApplicationContext.getBeansOfType(AbstractApplicationContext.java:1198) ~[spring-context-5.0.9.RELEASE.jar:5.0.9.RELEASE]
	at org.springframework.boot.SpringApplication.getExitCodeFromMappedException(SpringApplication.java:910) ~[spring-boot-2.0.5.RELEASE.jar:2.0.5.RELEASE]
	at org.springframework.boot.SpringApplication.getExitCodeFromException(SpringApplication.java:896) ~[spring-boot-2.0.5.RELEASE.jar:2.0.5.RELEASE]
	at org.springframework.boot.SpringApplication.handleExitCode(SpringApplication.java:882) ~[spring-boot-2.0.5.RELEASE.jar:2.0.5.RELEASE]
	at org.springframework.boot.SpringApplication.handleRunFailure(SpringApplication.java:831) [spring-boot-2.0.5.RELEASE.jar:2.0.5.RELEASE]
	at org.springframework.boot.SpringApplication.run(SpringApplication.java:344) [spring-boot-2.0.5.RELEASE.jar:2.0.5.RELEASE]
	at org.springframework.boot.test.context.SpringBootContextLoader.loadContext(SpringBootContextLoader.java:139) [spring-boot-test-2.0.5.RELEASE.jar:2.0.5.RELEASE]
	at org.springframework.test.context.cache.DefaultCacheAwareContextLoaderDelegate.loadContextInternal(DefaultCacheAwareContextLoaderDelegate.java:99) [spring-test-5.0.9.RELEASE.jar:5.0.9.RELEASE]
	at org.springframework.test.context.cache.DefaultCacheAwareContextLoaderDelegate.loadContext(DefaultCacheAwareContextLoaderDelegate.java:117) [spring-test-5.0.9.RELEASE.jar:5.0.9.RELEASE]
	at org.springframework.test.context.support.DefaultTestContext.getApplicationContext(DefaultTestContext.java:108) [spring-test-5.0.9.RELEASE.jar:5.0.9.RELEASE]
	at org.springframework.test.context.web.ServletTestExecutionListener.setUpRequestContextIfNecessary(ServletTestExecutionListener.java:190) [spring-test-5.0.9.RELEASE.jar:5.0.9.RELEASE]
	at org.springframework.test.context.web.ServletTestExecutionListener.prepareTestInstance(ServletTestExecutionListener.java:132) [spring-test-5.0.9.RELEASE.jar:5.0.9.RELEASE]
	at org.springframework.test.context.TestContextManager.prepareTestInstance(TestContextManager.java:246) [spring-test-5.0.9.RELEASE.jar:5.0.9.RELEASE]
	at org.springframework.test.context.junit4.SpringJUnit4ClassRunner.createTest(SpringJUnit4ClassRunner.java:227) [spring-test-5.0.9.RELEASE.jar:5.0.9.RELEASE]
	at org.springframework.test.context.junit4.SpringJUnit4ClassRunner$1.runReflectiveCall(SpringJUnit4ClassRunner.java:289) [spring-test-5.0.9.RELEASE.jar:5.0.9.RELEASE]
	at org.junit.internal.runners.model.ReflectiveCallable.run(ReflectiveCallable.java:12) [junit-4.12.jar:4.12]
	at org.springframework.test.context.junit4.SpringJUnit4ClassRunner.methodBlock(SpringJUnit4ClassRunner.java:291) [spring-test-5.0.9.RELEASE.jar:5.0.9.RELEASE]
	at org.springframework.test.context.junit4.SpringJUnit4ClassRunner.runChild(SpringJUnit4ClassRunner.java:246) [spring-test-5.0.9.RELEASE.jar:5.0.9.RELEASE]
	at org.springframework.test.context.junit4.SpringJUnit4ClassRunner.runChild(SpringJUnit4ClassRunner.java:97) [spring-test-5.0.9.RELEASE.jar:5.0.9.RELEASE]
	at org.junit.runners.ParentRunner$3.run(ParentRunner.java:290) [junit-4.12.jar:4.12]
	at org.junit.runners.ParentRunner$1.schedule(ParentRunner.java:71) [junit-4.12.jar:4.12]
	at org.junit.runners.ParentRunner.runChildren(ParentRunner.java:288) [junit-4.12.jar:4.12]
	at org.junit.runners.ParentRunner.access$000(ParentRunner.java:58) [junit-4.12.jar:4.12]
	at org.junit.runners.ParentRunner$2.evaluate(ParentRunner.java:268) [junit-4.12.jar:4.12]
	at org.springframework.test.context.junit4.statements.RunBeforeTestClassCallbacks.evaluate(RunBeforeTestClassCallbacks.java:61) [spring-test-5.0.9.RELEASE.jar:5.0.9.RELEASE]
	at org.springframework.test.context.junit4.statements.RunAfterTestClassCallbacks.evaluate(RunAfterTestClassCallbacks.java:70) [spring-test-5.0.9.RELEASE.jar:5.0.9.RELEASE]
	at org.junit.runners.ParentRunner.run(ParentRunner.java:363) [junit-4.12.jar:4.12]
	at org.springframework.test.context.junit4.SpringJUnit4ClassRunner.run(SpringJUnit4ClassRunner.java:190) [spring-test-5.0.9.RELEASE.jar:5.0.9.RELEASE]
	at org.junit.runner.JUnitCore.run(JUnitCore.java:137) [junit-4.12.jar:4.12]
	at com.intellij.junit4.JUnit4IdeaTestRunner.startRunnerWithArgs(JUnit4IdeaTestRunner.java:68) [junit-rt.jar:?]
	at com.intellij.rt.execution.junit.IdeaTestRunner$Repeater.startRunnerWithArgs(IdeaTestRunner.java:47) [junit-rt.jar:?]
	at com.intellij.rt.execution.junit.JUnitStarter.prepareStreamsAndStart(JUnitStarter.java:242) [junit-rt.jar:?]
	at com.intellij.rt.execution.junit.JUnitStarter.main(JUnitStarter.java:70) [junit-rt.jar:?]
Caused by: java.lang.NoClassDefFoundError: com/netflix/hystrix/contrib/javanica/aop/aspectj/HystrixCommandAspect
	at java.lang.Class.getDeclaredMethods0(Native Method) ~[?:1.8.0_161]
	at java.lang.Class.privateGetDeclaredMethods(Class.java:2701) ~[?:1.8.0_161]
	at java.lang.Class.getDeclaredMethods(Class.java:1975) ~[?:1.8.0_161]
	at org.springframework.util.ReflectionUtils.getDeclaredMethods(ReflectionUtils.java:641) ~[spring-core-5.0.9.RELEASE.jar:5.0.9.RELEASE]
	... 44 more
Caused by: java.lang.ClassNotFoundException: com.netflix.hystrix.contrib.javanica.aop.aspectj.HystrixCommandAspect
	at java.net.URLClassLoader.findClass(URLClassLoader.java:381) ~[?:1.8.0_161]
	at java.lang.ClassLoader.loadClass(ClassLoader.java:424) ~[?:1.8.0_161]
	at sun.misc.Launcher$AppClassLoader.loadClass(Launcher.java:338) ~[?:1.8.0_161]
	at java.lang.ClassLoader.loadClass(ClassLoader.java:357) ~[?:1.8.0_161]
	at java.lang.Class.getDeclaredMethods0(Native Method) ~[?:1.8.0_161]
	at java.lang.Class.privateGetDeclaredMethods(Class.java:2701) ~[?:1.8.0_161]
	at java.lang.Class.getDeclaredMethods(Class.java:1975) ~[?:1.8.0_161]
	at org.springframework.util.ReflectionUtils.getDeclaredMethods(ReflectionUtils.java:641) ~[spring-core-5.0.9.RELEASE.jar:5.0.9.RELEASE]
	... 44 more

2018-10-24 at 18:57:02 CST ERROR org.springframework.test.context.TestContextManager 250 prepareTestInstance - Caught exception while allowing TestExecutionListener [org.springframework.test.context.web.ServletTestExecutionListener@6a10b263] to prepare test instance [com.masterchengzi.authserver.AuthServerApplicationTests@341c6ac2] java.lang.IllegalStateException: Failed to load ApplicationContext
	at org.springframework.test.context.cache.DefaultCacheAwareContextLoaderDelegate.loadContext(DefaultCacheAwareContextLoaderDelegate.java:125) ~[spring-test-5.0.9.RELEASE.jar:5.0.9.RELEASE]
	at org.springframework.test.context.support.DefaultTestContext.getApplicationContext(DefaultTestContext.java:108) ~[spring-test-5.0.9.RELEASE.jar:5.0.9.RELEASE]
	at org.springframework.test.context.web.ServletTestExecutionListener.setUpRequestContextIfNecessary(ServletTestExecutionListener.java:190) ~[spring-test-5.0.9.RELEASE.jar:5.0.9.RELEASE]
	at org.springframework.test.context.web.ServletTestExecutionListener.prepareTestInstance(ServletTestExecutionListener.java:132) ~[spring-test-5.0.9.RELEASE.jar:5.0.9.RELEASE]
	at org.springframework.test.context.TestContextManager.prepareTestInstance(TestContextManager.java:246) [spring-test-5.0.9.RELEASE.jar:5.0.9.RELEASE]
	at org.springframework.test.context.junit4.SpringJUnit4ClassRunner.createTest(SpringJUnit4ClassRunner.java:227) [spring-test-5.0.9.RELEASE.jar:5.0.9.RELEASE]
	at org.springframework.test.context.junit4.SpringJUnit4ClassRunner$1.runReflectiveCall(SpringJUnit4ClassRunner.java:289) [spring-test-5.0.9.RELEASE.jar:5.0.9.RELEASE]
	at org.junit.internal.runners.model.ReflectiveCallable.run(ReflectiveCallable.java:12) [junit-4.12.jar:4.12]
	at org.springframework.test.context.junit4.SpringJUnit4ClassRunner.methodBlock(SpringJUnit4ClassRunner.java:291) [spring-test-5.0.9.RELEASE.jar:5.0.9.RELEASE]
	at org.springframework.test.context.junit4.SpringJUnit4ClassRunner.runChild(SpringJUnit4ClassRunner.java:246) [spring-test-5.0.9.RELEASE.jar:5.0.9.RELEASE]
	at org.springframework.test.context.junit4.SpringJUnit4ClassRunner.runChild(SpringJUnit4ClassRunner.java:97) [spring-test-5.0.9.RELEASE.jar:5.0.9.RELEASE]
	at org.junit.runners.ParentRunner$3.run(ParentRunner.java:290) [junit-4.12.jar:4.12]
	at org.junit.runners.ParentRunner$1.schedule(ParentRunner.java:71) [junit-4.12.jar:4.12]
	at org.junit.runners.ParentRunner.runChildren(ParentRunner.java:288) [junit-4.12.jar:4.12]
	at org.junit.runners.ParentRunner.access$000(ParentRunner.java:58) [junit-4.12.jar:4.12]
	at org.junit.runners.ParentRunner$2.evaluate(ParentRunner.java:268) [junit-4.12.jar:4.12]
	at org.springframework.test.context.junit4.statements.RunBeforeTestClassCallbacks.evaluate(RunBeforeTestClassCallbacks.java:61) [spring-test-5.0.9.RELEASE.jar:5.0.9.RELEASE]
	at org.springframework.test.context.junit4.statements.RunAfterTestClassCallbacks.evaluate(RunAfterTestClassCallbacks.java:70) [spring-test-5.0.9.RELEASE.jar:5.0.9.RELEASE]
	at org.junit.runners.ParentRunner.run(ParentRunner.java:363) [junit-4.12.jar:4.12]
	at org.springframework.test.context.junit4.SpringJUnit4ClassRunner.run(SpringJUnit4ClassRunner.java:190) [spring-test-5.0.9.RELEASE.jar:5.0.9.RELEASE]
	at org.junit.runner.JUnitCore.run(JUnitCore.java:137) [junit-4.12.jar:4.12]
	at com.intellij.junit4.JUnit4IdeaTestRunner.startRunnerWithArgs(JUnit4IdeaTestRunner.java:68) [junit-rt.jar:?]
	at com.intellij.rt.execution.junit.IdeaTestRunner$Repeater.startRunnerWithArgs(IdeaTestRunner.java:47) [junit-rt.jar:?]
	at com.intellij.rt.execution.junit.JUnitStarter.prepareStreamsAndStart(JUnitStarter.java:242) [junit-rt.jar:?]
	at com.intellij.rt.execution.junit.JUnitStarter.main(JUnitStarter.java:70) [junit-rt.jar:?]
Caused by: java.lang.IllegalStateException: Error processing condition on org.springframework.boot.autoconfigure.context.PropertyPlaceholderAutoConfiguration.propertySourcesPlaceholderConfigurer
	at org.springframework.boot.autoconfigure.condition.SpringBootCondition.matches(SpringBootCondition.java:64) ~[spring-boot-autoconfigure-2.0.5.RELEASE.jar:2.0.5.RELEASE]
	at org.springframework.context.annotation.ConditionEvaluator.shouldSkip(ConditionEvaluator.java:108) ~[spring-context-5.0.9.RELEASE.jar:5.0.9.RELEASE]
	at org.springframework.context.annotation.ConfigurationClassBeanDefinitionReader.loadBeanDefinitionsForBeanMethod(ConfigurationClassBeanDefinitionReader.java:180) ~[spring-context-5.0.9.RELEASE.jar:5.0.9.RELEASE]
	at org.springframework.context.annotation.ConfigurationClassBeanDefinitionReader.loadBeanDefinitionsForConfigurationClass(ConfigurationClassBeanDefinitionReader.java:141) ~[spring-context-5.0.9.RELEASE.jar:5.0.9.RELEASE]
	at org.springframework.context.annotation.ConfigurationClassBeanDefinitionReader.loadBeanDefinitions(ConfigurationClassBeanDefinitionReader.java:117) ~[spring-context-5.0.9.RELEASE.jar:5.0.9.RELEASE]
	at org.springframework.context.annotation.ConfigurationClassPostProcessor.processConfigBeanDefinitions(ConfigurationClassPostProcessor.java:328) ~[spring-context-5.0.9.RELEASE.jar:5.0.9.RELEASE]
	at org.springframework.context.annotation.ConfigurationClassPostProcessor.postProcessBeanDefinitionRegistry(ConfigurationClassPostProcessor.java:233) ~[spring-context-5.0.9.RELEASE.jar:5.0.9.RELEASE]
	at org.springframework.context.support.PostProcessorRegistrationDelegate.invokeBeanDefinitionRegistryPostProcessors(PostProcessorRegistrationDelegate.java:271) ~[spring-context-5.0.9.RELEASE.jar:5.0.9.RELEASE]
	at org.springframework.context.support.PostProcessorRegistrationDelegate.invokeBeanFactoryPostProcessors(PostProcessorRegistrationDelegate.java:91) ~[spring-context-5.0.9.RELEASE.jar:5.0.9.RELEASE]
	at org.springframework.context.support.AbstractApplicationContext.invokeBeanFactoryPostProcessors(AbstractApplicationContext.java:694) ~[spring-context-5.0.9.RELEASE.jar:5.0.9.RELEASE]
	at org.springframework.context.support.AbstractApplicationContext.refresh(AbstractApplicationContext.java:532) ~[spring-context-5.0.9.RELEASE.jar:5.0.9.RELEASE]
	at org.springframework.boot.SpringApplication.refresh(SpringApplication.java:780) ~[spring-boot-2.0.5.RELEASE.jar:2.0.5.RELEASE]
	at org.springframework.boot.SpringApplication.refreshContext(SpringApplication.java:412) ~[spring-boot-2.0.5.RELEASE.jar:2.0.5.RELEASE]
	at org.springframework.boot.SpringApplication.run(SpringApplication.java:333) ~[spring-boot-2.0.5.RELEASE.jar:2.0.5.RELEASE]
	at org.springframework.boot.test.context.SpringBootContextLoader.loadContext(SpringBootContextLoader.java:139) ~[spring-boot-test-2.0.5.RELEASE.jar:2.0.5.RELEASE]
	at org.springframework.test.context.cache.DefaultCacheAwareContextLoaderDelegate.loadContextInternal(DefaultCacheAwareContextLoaderDelegate.java:99) ~[spring-test-5.0.9.RELEASE.jar:5.0.9.RELEASE]
	at org.springframework.test.context.cache.DefaultCacheAwareContextLoaderDelegate.loadContext(DefaultCacheAwareContextLoaderDelegate.java:117) ~[spring-test-5.0.9.RELEASE.jar:5.0.9.RELEASE]
	... 24 more
Caused by: java.lang.IllegalStateException: Failed to introspect Class [org.springframework.cloud.netflix.hystrix.HystrixCircuitBreakerConfiguration] from ClassLoader [sun.misc.Launcher$AppClassLoader@18b4aac2]
	at org.springframework.util.ReflectionUtils.getDeclaredMethods(ReflectionUtils.java:659) ~[spring-core-5.0.9.RELEASE.jar:5.0.9.RELEASE]
	at org.springframework.util.ReflectionUtils.doWithMethods(ReflectionUtils.java:556) ~[spring-core-5.0.9.RELEASE.jar:5.0.9.RELEASE]
	at org.springframework.util.ReflectionUtils.doWithMethods(ReflectionUtils.java:541) ~[spring-core-5.0.9.RELEASE.jar:5.0.9.RELEASE]
	at org.springframework.util.ReflectionUtils.getUniqueDeclaredMethods(ReflectionUtils.java:599) ~[spring-core-5.0.9.RELEASE.jar:5.0.9.RELEASE]
	at org.springframework.beans.factory.support.AbstractAutowireCapableBeanFactory.getTypeForFactoryMethod(AbstractAutowireCapableBeanFactory.java:718) ~[spring-beans-5.0.9.RELEASE.jar:5.0.9.RELEASE]
	at org.springframework.beans.factory.support.AbstractAutowireCapableBeanFactory.determineTargetType(AbstractAutowireCapableBeanFactory.java:659) ~[spring-beans-5.0.9.RELEASE.jar:5.0.9.RELEASE]
	at org.springframework.beans.factory.support.AbstractAutowireCapableBeanFactory.predictBeanType(AbstractAutowireCapableBeanFactory.java:627) ~[spring-beans-5.0.9.RELEASE.jar:5.0.9.RELEASE]
	at org.springframework.beans.factory.support.AbstractBeanFactory.isFactoryBean(AbstractBeanFactory.java:1489) ~[spring-beans-5.0.9.RELEASE.jar:5.0.9.RELEASE]
	at org.springframework.beans.factory.support.AbstractBeanFactory.isFactoryBean(AbstractBeanFactory.java:1012) ~[spring-beans-5.0.9.RELEASE.jar:5.0.9.RELEASE]
	at org.springframework.boot.autoconfigure.condition.BeanTypeRegistry.addBeanTypeForNonAliasDefinition(BeanTypeRegistry.java:194) ~[spring-boot-autoconfigure-2.0.5.RELEASE.jar:2.0.5.RELEASE]
	at org.springframework.boot.autoconfigure.condition.BeanTypeRegistry.addBeanTypeForNonAliasDefinition(BeanTypeRegistry.java:170) ~[spring-boot-autoconfigure-2.0.5.RELEASE.jar:2.0.5.RELEASE]
	at org.springframework.boot.autoconfigure.condition.BeanTypeRegistry.addBeanType(BeanTypeRegistry.java:163) ~[spring-boot-autoconfigure-2.0.5.RELEASE.jar:2.0.5.RELEASE]
	at org.springframework.boot.autoconfigure.condition.BeanTypeRegistry.lambda$updateTypesIfNecessary$2(BeanTypeRegistry.java:150) ~[spring-boot-autoconfigure-2.0.5.RELEASE.jar:2.0.5.RELEASE]
	at java.util.Iterator.forEachRemaining(Iterator.java:116) ~[?:1.8.0_161]
	at org.springframework.boot.autoconfigure.condition.BeanTypeRegistry.updateTypesIfNecessary(BeanTypeRegistry.java:148) ~[spring-boot-autoconfigure-2.0.5.RELEASE.jar:2.0.5.RELEASE]
	at org.springframework.boot.autoconfigure.condition.BeanTypeRegistry.getNamesForType(BeanTypeRegistry.java:114) ~[spring-boot-autoconfigure-2.0.5.RELEASE.jar:2.0.5.RELEASE]
	at org.springframework.boot.autoconfigure.condition.OnBeanCondition.collectBeanNamesForType(OnBeanCondition.java:265) ~[spring-boot-autoconfigure-2.0.5.RELEASE.jar:2.0.5.RELEASE]
	at org.springframework.boot.autoconfigure.condition.OnBeanCondition.getBeanNamesForType(OnBeanCondition.java:254) ~[spring-boot-autoconfigure-2.0.5.RELEASE.jar:2.0.5.RELEASE]
	at org.springframework.boot.autoconfigure.condition.OnBeanCondition.getMatchingBeans(OnBeanCondition.java:196) ~[spring-boot-autoconfigure-2.0.5.RELEASE.jar:2.0.5.RELEASE]
	at org.springframework.boot.autoconfigure.condition.OnBeanCondition.getMatchOutcome(OnBeanCondition.java:116) ~[spring-boot-autoconfigure-2.0.5.RELEASE.jar:2.0.5.RELEASE]
	at org.springframework.boot.autoconfigure.condition.SpringBootCondition.matches(SpringBootCondition.java:47) ~[spring-boot-autoconfigure-2.0.5.RELEASE.jar:2.0.5.RELEASE]
	at org.springframework.context.annotation.ConditionEvaluator.shouldSkip(ConditionEvaluator.java:108) ~[spring-context-5.0.9.RELEASE.jar:5.0.9.RELEASE]
	at org.springframework.context.annotation.ConfigurationClassBeanDefinitionReader.loadBeanDefinitionsForBeanMethod(ConfigurationClassBeanDefinitionReader.java:180) ~[spring-context-5.0.9.RELEASE.jar:5.0.9.RELEASE]
	at org.springframework.context.annotation.ConfigurationClassBeanDefinitionReader.loadBeanDefinitionsForConfigurationClass(ConfigurationClassBeanDefinitionReader.java:141) ~[spring-context-5.0.9.RELEASE.jar:5.0.9.RELEASE]
	at org.springframework.context.annotation.ConfigurationClassBeanDefinitionReader.loadBeanDefinitions(ConfigurationClassBeanDefinitionReader.java:117) ~[spring-context-5.0.9.RELEASE.jar:5.0.9.RELEASE]
	at org.springframework.context.annotation.ConfigurationClassPostProcessor.processConfigBeanDefinitions(ConfigurationClassPostProcessor.java:328) ~[spring-context-5.0.9.RELEASE.jar:5.0.9.RELEASE]
	at org.springframework.context.annotation.ConfigurationClassPostProcessor.postProcessBeanDefinitionRegistry(ConfigurationClassPostProcessor.java:233) ~[spring-context-5.0.9.RELEASE.jar:5.0.9.RELEASE]
	at org.springframework.context.support.PostProcessorRegistrationDelegate.invokeBeanDefinitionRegistryPostProcessors(PostProcessorRegistrationDelegate.java:271) ~[spring-context-5.0.9.RELEASE.jar:5.0.9.RELEASE]
	at org.springframework.context.support.PostProcessorRegistrationDelegate.invokeBeanFactoryPostProcessors(PostProcessorRegistrationDelegate.java:91) ~[spring-context-5.0.9.RELEASE.jar:5.0.9.RELEASE]
	at org.springframework.context.support.AbstractApplicationContext.invokeBeanFactoryPostProcessors(AbstractApplicationContext.java:694) ~[spring-context-5.0.9.RELEASE.jar:5.0.9.RELEASE]
	at org.springframework.context.support.AbstractApplicationContext.refresh(AbstractApplicationContext.java:532) ~[spring-context-5.0.9.RELEASE.jar:5.0.9.RELEASE]
	at org.springframework.boot.SpringApplication.refresh(SpringApplication.java:780) ~[spring-boot-2.0.5.RELEASE.jar:2.0.5.RELEASE]
	at org.springframework.boot.SpringApplication.refreshContext(SpringApplication.java:412) ~[spring-boot-2.0.5.RELEASE.jar:2.0.5.RELEASE]
	at org.springframework.boot.SpringApplication.run(SpringApplication.java:333) ~[spring-boot-2.0.5.RELEASE.jar:2.0.5.RELEASE]
	at org.springframework.boot.test.context.SpringBootContextLoader.loadContext(SpringBootContextLoader.java:139) ~[spring-boot-test-2.0.5.RELEASE.jar:2.0.5.RELEASE]
	at org.springframework.test.context.cache.DefaultCacheAwareContextLoaderDelegate.loadContextInternal(DefaultCacheAwareContextLoaderDelegate.java:99) ~[spring-test-5.0.9.RELEASE.jar:5.0.9.RELEASE]
	at org.springframework.test.context.cache.DefaultCacheAwareContextLoaderDelegate.loadContext(DefaultCacheAwareContextLoaderDelegate.java:117) ~[spring-test-5.0.9.RELEASE.jar:5.0.9.RELEASE]
	... 24 more
Caused by: java.lang.NoClassDefFoundError: com/netflix/hystrix/contrib/javanica/aop/aspectj/HystrixCommandAspect
	at java.lang.Class.getDeclaredMethods0(Native Method) ~[?:1.8.0_161]
	at java.lang.Class.privateGetDeclaredMethods(Class.java:2701) ~[?:1.8.0_161]
	at java.lang.Class.getDeclaredMethods(Class.java:1975) ~[?:1.8.0_161]
	at org.springframework.util.ReflectionUtils.getDeclaredMethods(ReflectionUtils.java:641) ~[spring-core-5.0.9.RELEASE.jar:5.0.9.RELEASE]
	at org.springframework.util.ReflectionUtils.doWithMethods(ReflectionUtils.java:556) ~[spring-core-5.0.9.RELEASE.jar:5.0.9.RELEASE]
	at org.springframework.util.ReflectionUtils.doWithMethods(ReflectionUtils.java:541) ~[spring-core-5.0.9.RELEASE.jar:5.0.9.RELEASE]
	at org.springframework.util.ReflectionUtils.getUniqueDeclaredMethods(ReflectionUtils.java:599) ~[spring-core-5.0.9.RELEASE.jar:5.0.9.RELEASE]
	at org.springframework.beans.factory.support.AbstractAutowireCapableBeanFactory.getTypeForFactoryMethod(AbstractAutowireCapableBeanFactory.java:718) ~[spring-beans-5.0.9.RELEASE.jar:5.0.9.RELEASE]
	at org.springframework.beans.factory.support.AbstractAutowireCapableBeanFactory.determineTargetType(AbstractAutowireCapableBeanFactory.java:659) ~[spring-beans-5.0.9.RELEASE.jar:5.0.9.RELEASE]
	at org.springframework.beans.factory.support.AbstractAutowireCapableBeanFactory.predictBeanType(AbstractAutowireCapableBeanFactory.java:627) ~[spring-beans-5.0.9.RELEASE.jar:5.0.9.RELEASE]
	at org.springframework.beans.factory.support.AbstractBeanFactory.isFactoryBean(AbstractBeanFactory.java:1489) ~[spring-beans-5.0.9.RELEASE.jar:5.0.9.RELEASE]
	at org.springframework.beans.factory.support.AbstractBeanFactory.isFactoryBean(AbstractBeanFactory.java:1012) ~[spring-beans-5.0.9.RELEASE.jar:5.0.9.RELEASE]
	at org.springframework.boot.autoconfigure.condition.BeanTypeRegistry.addBeanTypeForNonAliasDefinition(BeanTypeRegistry.java:194) ~[spring-boot-autoconfigure-2.0.5.RELEASE.jar:2.0.5.RELEASE]
	at org.springframework.boot.autoconfigure.condition.BeanTypeRegistry.addBeanTypeForNonAliasDefinition(BeanTypeRegistry.java:170) ~[spring-boot-autoconfigure-2.0.5.RELEASE.jar:2.0.5.RELEASE]
	at org.springframework.boot.autoconfigure.condition.BeanTypeRegistry.addBeanType(BeanTypeRegistry.java:163) ~[spring-boot-autoconfigure-2.0.5.RELEASE.jar:2.0.5.RELEASE]
	at org.springframework.boot.autoconfigure.condition.BeanTypeRegistry.lambda$updateTypesIfNecessary$2(BeanTypeRegistry.java:150) ~[spring-boot-autoconfigure-2.0.5.RELEASE.jar:2.0.5.RELEASE]
	at java.util.Iterator.forEachRemaining(Iterator.java:116) ~[?:1.8.0_161]
	at org.springframework.boot.autoconfigure.condition.BeanTypeRegistry.updateTypesIfNecessary(BeanTypeRegistry.java:148) ~[spring-boot-autoconfigure-2.0.5.RELEASE.jar:2.0.5.RELEASE]
	at org.springframework.boot.autoconfigure.condition.BeanTypeRegistry.getNamesForType(BeanTypeRegistry.java:114) ~[spring-boot-autoconfigure-2.0.5.RELEASE.jar:2.0.5.RELEASE]
	at org.springframework.boot.autoconfigure.condition.OnBeanCondition.collectBeanNamesForType(OnBeanCondition.java:265) ~[spring-boot-autoconfigure-2.0.5.RELEASE.jar:2.0.5.RELEASE]
	at org.springframework.boot.autoconfigure.condition.OnBeanCondition.getBeanNamesForType(OnBeanCondition.java:254) ~[spring-boot-autoconfigure-2.0.5.RELEASE.jar:2.0.5.RELEASE]
	at org.springframework.boot.autoconfigure.condition.OnBeanCondition.getMatchingBeans(OnBeanCondition.java:196) ~[spring-boot-autoconfigure-2.0.5.RELEASE.jar:2.0.5.RELEASE]
	at org.springframework.boot.autoconfigure.condition.OnBeanCondition.getMatchOutcome(OnBeanCondition.java:116) ~[spring-boot-autoconfigure-2.0.5.RELEASE.jar:2.0.5.RELEASE]
	at org.springframework.boot.autoconfigure.condition.SpringBootCondition.matches(SpringBootCondition.java:47) ~[spring-boot-autoconfigure-2.0.5.RELEASE.jar:2.0.5.RELEASE]
	at org.springframework.context.annotation.ConditionEvaluator.shouldSkip(ConditionEvaluator.java:108) ~[spring-context-5.0.9.RELEASE.jar:5.0.9.RELEASE]
	at org.springframework.context.annotation.ConfigurationClassBeanDefinitionReader.loadBeanDefinitionsForBeanMethod(ConfigurationClassBeanDefinitionReader.java:180) ~[spring-context-5.0.9.RELEASE.jar:5.0.9.RELEASE]
	at org.springframework.context.annotation.ConfigurationClassBeanDefinitionReader.loadBeanDefinitionsForConfigurationClass(ConfigurationClassBeanDefinitionReader.java:141) ~[spring-context-5.0.9.RELEASE.jar:5.0.9.RELEASE]
	at org.springframework.context.annotation.ConfigurationClassBeanDefinitionReader.loadBeanDefinitions(ConfigurationClassBeanDefinitionReader.java:117) ~[spring-context-5.0.9.RELEASE.jar:5.0.9.RELEASE]
	at org.springframework.context.annotation.ConfigurationClassPostProcessor.processConfigBeanDefinitions(ConfigurationClassPostProcessor.java:328) ~[spring-context-5.0.9.RELEASE.jar:5.0.9.RELEASE]
	at org.springframework.context.annotation.ConfigurationClassPostProcessor.postProcessBeanDefinitionRegistry(ConfigurationClassPostProcessor.java:233) ~[spring-context-5.0.9.RELEASE.jar:5.0.9.RELEASE]
	at org.springframework.context.support.PostProcessorRegistrationDelegate.invokeBeanDefinitionRegistryPostProcessors(PostProcessorRegistrationDelegate.java:271) ~[spring-context-5.0.9.RELEASE.jar:5.0.9.RELEASE]
	at org.springframework.context.support.PostProcessorRegistrationDelegate.invokeBeanFactoryPostProcessors(PostProcessorRegistrationDelegate.java:91) ~[spring-context-5.0.9.RELEASE.jar:5.0.9.RELEASE]
	at org.springframework.context.support.AbstractApplicationContext.invokeBeanFactoryPostProcessors(AbstractApplicationContext.java:694) ~[spring-context-5.0.9.RELEASE.jar:5.0.9.RELEASE]
	at org.springframework.context.support.AbstractApplicationContext.refresh(AbstractApplicationContext.java:532) ~[spring-context-5.0.9.RELEASE.jar:5.0.9.RELEASE]
	at org.springframework.boot.SpringApplication.refresh(SpringApplication.java:780) ~[spring-boot-2.0.5.RELEASE.jar:2.0.5.RELEASE]
	at org.springframework.boot.SpringApplication.refreshContext(SpringApplication.java:412) ~[spring-boot-2.0.5.RELEASE.jar:2.0.5.RELEASE]
	at org.springframework.boot.SpringApplication.run(SpringApplication.java:333) ~[spring-boot-2.0.5.RELEASE.jar:2.0.5.RELEASE]
	at org.springframework.boot.test.context.SpringBootContextLoader.loadContext(SpringBootContextLoader.java:139) ~[spring-boot-test-2.0.5.RELEASE.jar:2.0.5.RELEASE]
	at org.springframework.test.context.cache.DefaultCacheAwareContextLoaderDelegate.loadContextInternal(DefaultCacheAwareContextLoaderDelegate.java:99) ~[spring-test-5.0.9.RELEASE.jar:5.0.9.RELEASE]
	at org.springframework.test.context.cache.DefaultCacheAwareContextLoaderDelegate.loadContext(DefaultCacheAwareContextLoaderDelegate.java:117) ~[spring-test-5.0.9.RELEASE.jar:5.0.9.RELEASE]
	... 24 more
Caused by: java.lang.ClassNotFoundException: com.netflix.hystrix.contrib.javanica.aop.aspectj.HystrixCommandAspect
	at java.net.URLClassLoader.findClass(URLClassLoader.java:381) ~[?:1.8.0_161]
	at java.lang.ClassLoader.loadClass(ClassLoader.java:424) ~[?:1.8.0_161]
	at sun.misc.Launcher$AppClassLoader.loadClass(Launcher.java:338) ~[?:1.8.0_161]
	at java.lang.ClassLoader.loadClass(ClassLoader.java:357) ~[?:1.8.0_161]
	at java.lang.Class.getDeclaredMethods0(Native Method) ~[?:1.8.0_161]
	at java.lang.Class.privateGetDeclaredMethods(Class.java:2701) ~[?:1.8.0_161]
	at java.lang.Class.getDeclaredMethods(Class.java:1975) ~[?:1.8.0_161]
	at org.springframework.util.ReflectionUtils.getDeclaredMethods(ReflectionUtils.java:641) ~[spring-core-5.0.9.RELEASE.jar:5.0.9.RELEASE]
	at org.springframework.util.ReflectionUtils.doWithMethods(ReflectionUtils.java:556) ~[spring-core-5.0.9.RELEASE.jar:5.0.9.RELEASE]
	at org.springframework.util.ReflectionUtils.doWithMethods(ReflectionUtils.java:541) ~[spring-core-5.0.9.RELEASE.jar:5.0.9.RELEASE]
	at org.springframework.util.ReflectionUtils.getUniqueDeclaredMethods(ReflectionUtils.java:599) ~[spring-core-5.0.9.RELEASE.jar:5.0.9.RELEASE]
	at org.springframework.beans.factory.support.AbstractAutowireCapableBeanFactory.getTypeForFactoryMethod(AbstractAutowireCapableBeanFactory.java:718) ~[spring-beans-5.0.9.RELEASE.jar:5.0.9.RELEASE]
	at org.springframework.beans.factory.support.AbstractAutowireCapableBeanFactory.determineTargetType(AbstractAutowireCapableBeanFactory.java:659) ~[spring-beans-5.0.9.RELEASE.jar:5.0.9.RELEASE]
	at org.springframework.beans.factory.support.AbstractAutowireCapableBeanFactory.predictBeanType(AbstractAutowireCapableBeanFactory.java:627) ~[spring-beans-5.0.9.RELEASE.jar:5.0.9.RELEASE]
	at org.springframework.beans.factory.support.AbstractBeanFactory.isFactoryBean(AbstractBeanFactory.java:1489) ~[spring-beans-5.0.9.RELEASE.jar:5.0.9.RELEASE]
	at org.springframework.beans.factory.support.AbstractBeanFactory.isFactoryBean(AbstractBeanFactory.java:1012) ~[spring-beans-5.0.9.RELEASE.jar:5.0.9.RELEASE]
	at org.springframework.boot.autoconfigure.condition.BeanTypeRegistry.addBeanTypeForNonAliasDefinition(BeanTypeRegistry.java:194) ~[spring-boot-autoconfigure-2.0.5.RELEASE.jar:2.0.5.RELEASE]
	at org.springframework.boot.autoconfigure.condition.BeanTypeRegistry.addBeanTypeForNonAliasDefinition(BeanTypeRegistry.java:170) ~[spring-boot-autoconfigure-2.0.5.RELEASE.jar:2.0.5.RELEASE]
	at org.springframework.boot.autoconfigure.condition.BeanTypeRegistry.addBeanType(BeanTypeRegistry.java:163) ~[spring-boot-autoconfigure-2.0.5.RELEASE.jar:2.0.5.RELEASE]
	at org.springframework.boot.autoconfigure.condition.BeanTypeRegistry.lambda$updateTypesIfNecessary$2(BeanTypeRegistry.java:150) ~[spring-boot-autoconfigure-2.0.5.RELEASE.jar:2.0.5.RELEASE]
	at java.util.Iterator.forEachRemaining(Iterator.java:116) ~[?:1.8.0_161]
	at org.springframework.boot.autoconfigure.condition.BeanTypeRegistry.updateTypesIfNecessary(BeanTypeRegistry.java:148) ~[spring-boot-autoconfigure-2.0.5.RELEASE.jar:2.0.5.RELEASE]
	at org.springframework.boot.autoconfigure.condition.BeanTypeRegistry.getNamesForType(BeanTypeRegistry.java:114) ~[spring-boot-autoconfigure-2.0.5.RELEASE.jar:2.0.5.RELEASE]
	at org.springframework.boot.autoconfigure.condition.OnBeanCondition.collectBeanNamesForType(OnBeanCondition.java:265) ~[spring-boot-autoconfigure-2.0.5.RELEASE.jar:2.0.5.RELEASE]
	at org.springframework.boot.autoconfigure.condition.OnBeanCondition.getBeanNamesForType(OnBeanCondition.java:254) ~[spring-boot-autoconfigure-2.0.5.RELEASE.jar:2.0.5.RELEASE]
	at org.springframework.boot.autoconfigure.condition.OnBeanCondition.getMatchingBeans(OnBeanCondition.java:196) ~[spring-boot-autoconfigure-2.0.5.RELEASE.jar:2.0.5.RELEASE]
	at org.springframework.boot.autoconfigure.condition.OnBeanCondition.getMatchOutcome(OnBeanCondition.java:116) ~[spring-boot-autoconfigure-2.0.5.RELEASE.jar:2.0.5.RELEASE]
	at org.springframework.boot.autoconfigure.condition.SpringBootCondition.matches(SpringBootCondition.java:47) ~[spring-boot-autoconfigure-2.0.5.RELEASE.jar:2.0.5.RELEASE]
	at org.springframework.context.annotation.ConditionEvaluator.shouldSkip(ConditionEvaluator.java:108) ~[spring-context-5.0.9.RELEASE.jar:5.0.9.RELEASE]
	at org.springframework.context.annotation.ConfigurationClassBeanDefinitionReader.loadBeanDefinitionsForBeanMethod(ConfigurationClassBeanDefinitionReader.java:180) ~[spring-context-5.0.9.RELEASE.jar:5.0.9.RELEASE]
	at org.springframework.context.annotation.ConfigurationClassBeanDefinitionReader.loadBeanDefinitionsForConfigurationClass(ConfigurationClassBeanDefinitionReader.java:141) ~[spring-context-5.0.9.RELEASE.jar:5.0.9.RELEASE]
	at org.springframework.context.annotation.ConfigurationClassBeanDefinitionReader.loadBeanDefinitions(ConfigurationClassBeanDefinitionReader.java:117) ~[spring-context-5.0.9.RELEASE.jar:5.0.9.RELEASE]
	at org.springframework.context.annotation.ConfigurationClassPostProcessor.processConfigBeanDefinitions(ConfigurationClassPostProcessor.java:328) ~[spring-context-5.0.9.RELEASE.jar:5.0.9.RELEASE]
	at org.springframework.context.annotation.ConfigurationClassPostProcessor.postProcessBeanDefinitionRegistry(ConfigurationClassPostProcessor.java:233) ~[spring-context-5.0.9.RELEASE.jar:5.0.9.RELEASE]
	at org.springframework.context.support.PostProcessorRegistrationDelegate.invokeBeanDefinitionRegistryPostProcessors(PostProcessorRegistrationDelegate.java:271) ~[spring-context-5.0.9.RELEASE.jar:5.0.9.RELEASE]
	at org.springframework.context.support.PostProcessorRegistrationDelegate.invokeBeanFactoryPostProcessors(PostProcessorRegistrationDelegate.java:91) ~[spring-context-5.0.9.RELEASE.jar:5.0.9.RELEASE]
	at org.springframework.context.support.AbstractApplicationContext.invokeBeanFactoryPostProcessors(AbstractApplicationContext.java:694) ~[spring-context-5.0.9.RELEASE.jar:5.0.9.RELEASE]
	at org.springframework.context.support.AbstractApplicationContext.refresh(AbstractApplicationContext.java:532) ~[spring-context-5.0.9.RELEASE.jar:5.0.9.RELEASE]
	at org.springframework.boot.SpringApplication.refresh(SpringApplication.java:780) ~[spring-boot-2.0.5.RELEASE.jar:2.0.5.RELEASE]
	at org.springframework.boot.SpringApplication.refreshContext(SpringApplication.java:412) ~[spring-boot-2.0.5.RELEASE.jar:2.0.5.RELEASE]
	at org.springframework.boot.SpringApplication.run(SpringApplication.java:333) ~[spring-boot-2.0.5.RELEASE.jar:2.0.5.RELEASE]
	at org.springframework.boot.test.context.SpringBootContextLoader.loadContext(SpringBootContextLoader.java:139) ~[spring-boot-test-2.0.5.RELEASE.jar:2.0.5.RELEASE]
	at org.springframework.test.context.cache.DefaultCacheAwareContextLoaderDelegate.loadContextInternal(DefaultCacheAwareContextLoaderDelegate.java:99) ~[spring-test-5.0.9.RELEASE.jar:5.0.9.RELEASE]
	at org.springframework.test.context.cache.DefaultCacheAwareContextLoaderDelegate.loadContext(DefaultCacheAwareContextLoaderDelegate.java:117) ~[spring-test-5.0.9.RELEASE.jar:5.0.9.RELEASE]
	... 24 more

2018-10-24 at 18:57:41 CST WARN  org.springframework.boot.test.json.DuplicateJsonObjectContextCustomizerFactory$DuplicateJsonObjectContextCustomizer 86 logDuplicateJsonObjectsWarning - 

Found multiple occurrences of org.json.JSONObject on the class path:

	jar:file:/D:/devlopment/maven/m2/repository/org/json/json/20171018/json-20171018.jar!/org/json/JSONObject.class
	jar:file:/D:/devlopment/maven/m2/repository/com/vaadin/external/google/android-json/0.0.20131108.vaadin1/android-json-0.0.20131108.vaadin1.jar!/org/json/JSONObject.class

You may wish to exclude one of them to ensure predictable runtime behavior

2018-10-24 at 18:57:48 CST WARN  com.netflix.config.sources.URLConfigurationSource 121 <init> - No URLs will be polled as dynamic configuration sources.
2018-10-24 at 18:57:50 CST WARN  com.netflix.config.sources.URLConfigurationSource 121 <init> - No URLs will be polled as dynamic configuration sources.
2018-10-24 at 18:57:52 CST WARN  org.springframework.boot.starter.redis.RedisStarterDeprecationWarningAutoConfiguration 43 logWarning - spring-boot-starter-redis is deprecated as of Spring Boot 1.4, please migrate to spring-boot-starter-data-redis
2018-10-24 at 19:28:55 CST WARN  org.springframework.boot.test.json.DuplicateJsonObjectContextCustomizerFactory$DuplicateJsonObjectContextCustomizer 86 logDuplicateJsonObjectsWarning - 

Found multiple occurrences of org.json.JSONObject on the class path:

	jar:file:/D:/devlopment/maven/m2/repository/org/json/json/20171018/json-20171018.jar!/org/json/JSONObject.class
	jar:file:/D:/devlopment/maven/m2/repository/com/vaadin/external/google/android-json/0.0.20131108.vaadin1/android-json-0.0.20131108.vaadin1.jar!/org/json/JSONObject.class

You may wish to exclude one of them to ensure predictable runtime behavior

2018-10-24 at 19:29:01 CST WARN  com.netflix.config.sources.URLConfigurationSource 121 <init> - No URLs will be polled as dynamic configuration sources.
2018-10-24 at 19:29:02 CST WARN  com.netflix.config.sources.URLConfigurationSource 121 <init> - No URLs will be polled as dynamic configuration sources.
2018-10-24 at 19:29:03 CST WARN  org.springframework.boot.starter.redis.RedisStarterDeprecationWarningAutoConfiguration 43 logWarning - spring-boot-starter-redis is deprecated as of Spring Boot 1.4, please migrate to spring-boot-starter-data-redis
2018-10-24 at 19:49:29 CST WARN  org.springframework.boot.test.json.DuplicateJsonObjectContextCustomizerFactory$DuplicateJsonObjectContextCustomizer 86 logDuplicateJsonObjectsWarning - 

Found multiple occurrences of org.json.JSONObject on the class path:

	jar:file:/D:/devlopment/maven/m2/repository/org/json/json/20171018/json-20171018.jar!/org/json/JSONObject.class
	jar:file:/D:/devlopment/maven/m2/repository/com/vaadin/external/google/android-json/0.0.20131108.vaadin1/android-json-0.0.20131108.vaadin1.jar!/org/json/JSONObject.class

You may wish to exclude one of them to ensure predictable runtime behavior

2018-10-24 at 19:49:35 CST WARN  com.netflix.config.sources.URLConfigurationSource 121 <init> - No URLs will be polled as dynamic configuration sources.
2018-10-24 at 19:49:37 CST WARN  com.netflix.config.sources.URLConfigurationSource 121 <init> - No URLs will be polled as dynamic configuration sources.
2018-10-24 at 19:49:40 CST WARN  org.springframework.boot.starter.redis.RedisStarterDeprecationWarningAutoConfiguration 43 logWarning - spring-boot-starter-redis is deprecated as of Spring Boot 1.4, please migrate to spring-boot-starter-data-redis
